Using pre-set license
Built from '2020.3/release' branch; Version is '2020.3.44f1 (7f159b6136da) revision 8328603'; Using compiler version '192528614'; Build Type 'Release'
OS: 'Windows 11  (10.0.22621) 64bit Education' Language: 'es' Physical Memory: 16005 MB
BatchMode: 1, IsHumanControllingUs: 0, StartBugReporterOnCrash: 0, Is64bit: 1, IsPro: 0

COMMAND LINE ARGUMENTS:
C:\Program Files\Unity\Hub\Editor\2020.3.44f1\Editor\Unity.exe
-adb2
-batchMode
-noUpm
-name
AssetImportWorker0
-projectPath
C:/Users/Marc Gopo/Documents/GitHub/IOD_MarcGonzalez_1/HorseProject_MarcGonzalez
-logFile
Logs/AssetImportWorker0.log
-srvPort
59656
Successfully changed project path to: C:/Users/Marc Gopo/Documents/GitHub/IOD_MarcGonzalez_1/HorseProject_MarcGonzalez
C:/Users/Marc Gopo/Documents/GitHub/IOD_MarcGonzalez_1/HorseProject_MarcGonzalez
Using Asset Import Pipeline V2.
Player connection [18440] Host "[IP] 10.10.242.11 [Port] 1073957088 [Flags] 2 [Guid] 1072426830 [EditorId] 1072426830 [Version] 1048832 [Id] WindowsEditor(7,PC-MarcGopo) [Debug] 1 [PackageName] WindowsEditor [ProjectName] Editor" joined multi-casting on [225.0.0.222:54997]...

Player connection [18440] Host "[IP] 10.10.242.11 [Port] 1073957088 [Flags] 2 [Guid] 1072426830 [EditorId] 1072426830 [Version] 1048832 [Id] WindowsEditor(7,PC-MarcGopo) [Debug] 1 [PackageName] WindowsEditor [ProjectName] Editor" joined alternative multi-casting on [225.0.0.222:34997]...

Refreshing native plugins compatible for Editor in 24.72 ms, found 2 plugins.
Preloading 0 native plugins for Editor in 0.00 ms.
Initialize engine version: 2020.3.44f1 (7f159b6136da)
[Subsystems] Discovering subsystems at path C:/Program Files/Unity/Hub/Editor/2020.3.44f1/Editor/Data/Resources/UnitySubsystems
[Subsystems] Discovering subsystems at path C:/Users/Marc Gopo/Documents/GitHub/IOD_MarcGonzalez_1/HorseProject_MarcGonzalez/Assets
GfxDevice: creating device client; threaded=0
Direct3D:
    Version:  Direct3D 11.0 [level 11.1]
    Renderer: NVIDIA GeForce RTX 3050 Ti Laptop GPU (ID=0x25a0)
    Vendor:   
    VRAM:     3990 MB
    Driver:   31.0.15.1691
Initialize mono
Mono path[0] = 'C:/Program Files/Unity/Hub/Editor/2020.3.44f1/Editor/Data/Managed'
Mono path[1] = 'C:/Program Files/Unity/Hub/Editor/2020.3.44f1/Editor/Data/MonoBleedingEdge/lib/mono/unityjit'
Mono config path = 'C:/Program Files/Unity/Hub/Editor/2020.3.44f1/Editor/Data/MonoBleedingEdge/etc'
Using monoOptions --debugger-agent=transport=dt_socket,embedding=1,server=y,suspend=n,address=127.0.0.1:56116
Begin MonoManager ReloadAssembly
Registering precompiled unity dll's ...
Register platform support module: C:/Program Files/Unity/Hub/Editor/2020.3.44f1/Editor/Data/PlaybackEngines/WindowsStandaloneSupport/UnityEditor.WindowsStandalone.Extensions.dll
Registered in 0.000921 seconds.
Native extension for WindowsStandalone target not found
Refreshing native plugins compatible for Editor in 20.85 ms, found 2 plugins.
Preloading 0 native plugins for Editor in 0.00 ms.
Mono: successfully reloaded assembly
- Completed reload, in  0.349 seconds
Domain Reload Profiling:
	ReloadAssembly (349ms)
		BeginReloadAssembly (41ms)
			ExecutionOrderSort (0ms)
			DisableScriptedObjects (0ms)
			BackupInstance (0ms)
			ReleaseScriptingObjects (0ms)
			CreateAndSetChildDomain (1ms)
		EndReloadAssembly (265ms)
			LoadAssemblies (39ms)
			RebuildTransferFunctionScriptingTraits (0ms)
			SetupTypeCache (85ms)
			ReleaseScriptCaches (0ms)
			RebuildScriptCaches (20ms)
			SetupLoadedEditorAssemblies (99ms)
				LogAssemblyErrors (0ms)
				InitializePlatformSupportModulesInManaged (3ms)
				SetLoadedEditorAssemblies (0ms)
				RefreshPlugins (21ms)
				BeforeProcessingInitializeOnLoad (6ms)
				ProcessInitializeOnLoadAttributes (51ms)
				ProcessInitializeOnLoadMethodAttributes (18ms)
				AfterProcessingInitializeOnLoad (0ms)
				EditorAssembliesLoaded (0ms)
			ExecutionOrderSort2 (0ms)
			AwakeInstancesAfterBackupRestoration (0ms)
Platform modules already initialized, skipping
Registering precompiled user dll's ...
Registered in 0.001534 seconds.
Begin MonoManager ReloadAssembly
Native extension for WindowsStandalone target not found
Refreshing native plugins compatible for Editor in 0.24 ms, found 2 plugins.
Preloading 0 native plugins for Editor in 0.00 ms.
Mono: successfully reloaded assembly
- Completed reload, in  0.592 seconds
Domain Reload Profiling:
	ReloadAssembly (592ms)
		BeginReloadAssembly (85ms)
			ExecutionOrderSort (0ms)
			DisableScriptedObjects (3ms)
			BackupInstance (0ms)
			ReleaseScriptingObjects (0ms)
			CreateAndSetChildDomain (13ms)
		EndReloadAssembly (470ms)
			LoadAssemblies (54ms)
			RebuildTransferFunctionScriptingTraits (0ms)
			SetupTypeCache (156ms)
			ReleaseScriptCaches (0ms)
			RebuildScriptCaches (25ms)
			SetupLoadedEditorAssemblies (188ms)
				LogAssemblyErrors (0ms)
				InitializePlatformSupportModulesInManaged (3ms)
				SetLoadedEditorAssemblies (0ms)
				RefreshPlugins (0ms)
				BeforeProcessingInitializeOnLoad (36ms)
				ProcessInitializeOnLoadAttributes (137ms)
				ProcessInitializeOnLoadMethodAttributes (8ms)
				AfterProcessingInitializeOnLoad (3ms)
				EditorAssembliesLoaded (0ms)
			ExecutionOrderSort2 (0ms)
			AwakeInstancesAfterBackupRestoration (1ms)
Platform modules already initialized, skipping
========================================================================
Worker process is ready to serve import requests
Launched and connected shader compiler UnityShaderCompiler.exe after 0.03 seconds
Refreshing native plugins compatible for Editor in 0.23 ms, found 2 plugins.
Preloading 0 native plugins for Editor in 0.00 ms.
Unloading 1489 Unused Serialized files (Serialized files now loaded: 0)
System memory in use before: 68.8 MB.
System memory in use after: 68.9 MB.

Unloading 17 unused Assets to reduce memory usage. Loaded Objects now: 1926.
Total: 1.985700 ms (FindLiveObjects: 0.087800 ms CreateObjectMapping: 0.027300 ms MarkObjects: 1.803300 ms  DeleteObjects: 0.066600 ms)

AssetImportParameters requested are different than current active one (requested -> active):
  custom:framework-win-MediaFoundation: 216162199b28c13a410421893ffa2e32 -> 
  custom:video-decoder-ogg-theora: a1e56fd34408186e4bbccfd4996cb3dc -> 
  custom:container-muxer-webm: aa71ff27fc2769a1b78a27578f13a17b -> 
  custom:container-demuxer-webm: 4f35f7cbe854078d1ac9338744f61a02 -> 
  custom:container-demuxer-ogg: 62fdf1f143b41e24485cea50d1cbac27 -> 
  custom:video-encoder-webm-vp8: eb34c28f22e8b96e1ab97ce403110664 -> 
  custom:video-codec-MediaFoundation-h265: 746d11721c4dcdbdad8f713fa42b33f4 -> 
  custom:video-decoder-webm-vp8: 9c59270c3fd7afecdb556c50c9e8de78 -> 
  custom:audio-decoder-ogg-vorbis: bf7c407c2cedff20999df2af8eb42d56 -> 
  custom:audio-encoder-webm-vorbis: bf7c407c2cedff20999df2af8eb42d56 -> 
========================================================================
Received Import Request.
  path: Assets/Prefabs/Rocinante (Grey).prefab
  artifactKey: Guid(6993d854374c3f44baf782d6d71660cd) Importer(815301076,1909f56bfc062723c751e8b465ee728b)
Start importing Assets/Prefabs/Rocinante (Grey).prefab using Guid(6993d854374c3f44baf782d6d71660cd) Importer(815301076,1909f56bfc062723c751e8b465ee728b)  -> (artifact id: '89b21f014bd0d018c68db4fc897c090f') in 0.061036 seconds 
========================================================================
Received Import Request.
  Time since last request: 26.547155 seconds.
  path: Assets/Prefabs/Rocinante Variant.prefab
  artifactKey: Guid(55638db4ab700ef4aa954d02cd596e94) Importer(815301076,1909f56bfc062723c751e8b465ee728b)
Start importing Assets/Prefabs/Rocinante Variant.prefab using Guid(55638db4ab700ef4aa954d02cd596e94) Importer(815301076,1909f56bfc062723c751e8b465ee728b)  -> (artifact id: '189fee2bf8c20c5b435bc6be60b70009') in 0.018512 seconds 
========================================================================
Received Import Request.
  Time since last request: 8.262887 seconds.
  path: Assets/Prefabs/Rocinante Brown.prefab
  artifactKey: Guid(55638db4ab700ef4aa954d02cd596e94) Importer(815301076,1909f56bfc062723c751e8b465ee728b)
Start importing Assets/Prefabs/Rocinante Brown.prefab using Guid(55638db4ab700ef4aa954d02cd596e94) Importer(815301076,1909f56bfc062723c751e8b465ee728b)  -> (artifact id: 'bac12c45812cdea6a1fb3fc103e5deb8') in 0.013126 seconds 
========================================================================
Received Import Request.
  Time since last request: 75.420180 seconds.
  path: Assets/Prefabs/Rocinante Variant.prefab
  artifactKey: Guid(4d394655133a97c419e7f547c9f0ba0e) Importer(815301076,1909f56bfc062723c751e8b465ee728b)
Start importing Assets/Prefabs/Rocinante Variant.prefab using Guid(4d394655133a97c419e7f547c9f0ba0e) Importer(815301076,1909f56bfc062723c751e8b465ee728b)  -> (artifact id: 'ed690121f470f8f64cb9969d0b0923f1') in 0.014196 seconds 
========================================================================
Received Import Request.
  Time since last request: 12.608890 seconds.
  path: Assets/Prefabs/Brown Rocinante.prefab
  artifactKey: Guid(4d394655133a97c419e7f547c9f0ba0e) Importer(815301076,1909f56bfc062723c751e8b465ee728b)
Start importing Assets/Prefabs/Brown Rocinante.prefab using Guid(4d394655133a97c419e7f547c9f0ba0e) Importer(815301076,1909f56bfc062723c751e8b465ee728b)  -> (artifact id: '0964396a9eaae1af183947f192b494f7') in 0.014490 seconds 
========================================================================
Received Import Request.
  Time since last request: 137.302743 seconds.
  path: Assets/Prefabs/Rocinante  Variant.prefab
  artifactKey: Guid(f6ce947a0aa0139439b50bdbcbda8885) Importer(815301076,1909f56bfc062723c751e8b465ee728b)
Start importing Assets/Prefabs/Rocinante  Variant.prefab using Guid(f6ce947a0aa0139439b50bdbcbda8885) Importer(815301076,1909f56bfc062723c751e8b465ee728b)  -> (artifact id: '0a91e47d2da75307701de5178f0b3950') in 0.018835 seconds 
========================================================================
Received Import Request.
  Time since last request: 6.659175 seconds.
  path: Assets/Prefabs/Grey Rocinante.prefab
  artifactKey: Guid(f6ce947a0aa0139439b50bdbcbda8885) Importer(815301076,1909f56bfc062723c751e8b465ee728b)
Start importing Assets/Prefabs/Grey Rocinante.prefab using Guid(f6ce947a0aa0139439b50bdbcbda8885) Importer(815301076,1909f56bfc062723c751e8b465ee728b)  -> (artifact id: 'b74b704ad95084769085bc7ba02139c8') in 0.015678 seconds 
AssetImportWorkerClient::OnTransportError - code=2 error=End of file
